The system is: Linux - 5.4.0-109-generic - x86_64
Compiling the C compiler identification source file "CMakeCCompilerId.c" succeeded.
Compiler: /usr/bin/clang 
Build flags: 
Id flags:  

The output was:
0


Compilation of the C compiler identification source "CMakeCCompilerId.c" produced "a.out"

The C compiler identification is Clang, found in "/home/ubuntu/cache_schedule/leveldb/build/CMakeFiles/3.16.3/CompilerIdC/a.out"

Compiling the CXX compiler identification source file "CMakeCXXCompilerId.cpp" succeeded.
Compiler: /usr/bin/clang++ 
Build flags: 
Id flags:  

The output was:
0


Compilation of the CXX compiler identification source "CMakeCXXCompilerId.cpp" produced "a.out"

The CXX compiler identification is Clang, found in "/home/ubuntu/cache_schedule/leveldb/build/CMakeFiles/3.16.3/CompilerIdCXX/a.out"

Determining if the C compiler works passed with the following output:
Change Dir: /home/ubuntu/cache_schedule/leveldb/build/CMakeFiles/CMakeTmp

Run Build Command(s):/usr/bin/make cmTC_92c12/fast && /usr/bin/make -f CMakeFiles/cmTC_92c12.dir/build.make CMakeFiles/cmTC_92c12.dir/build
make[1]: Entering directory '/home/ubuntu/cache_schedule/leveldb/build/CMakeFiles/CMakeTmp'
Building C object CMakeFiles/cmTC_92c12.dir/testCCompiler.c.o
/usr/bin/clang    -o CMakeFiles/cmTC_92c12.dir/testCCompiler.c.o   -c /home/ubuntu/cache_schedule/leveldb/build/CMakeFiles/CMakeTmp/testCCompiler.c
Linking C executable cmTC_92c12
/usr/bin/cmake -E cmake_link_script CMakeFiles/cmTC_92c12.dir/link.txt --verbose=1
/usr/bin/clang      CMakeFiles/cmTC_92c12.dir/testCCompiler.c.o  -o cmTC_92c12 
make[1]: Leaving directory '/home/ubuntu/cache_schedule/leveldb/build/CMakeFiles/CMakeTmp'



Detecting C compiler ABI info compiled with the following output:
Change Dir: /home/ubuntu/cache_schedule/leveldb/build/CMakeFiles/CMakeTmp

Run Build Command(s):/usr/bin/make cmTC_9313d/fast && /usr/bin/make -f CMakeFiles/cmTC_9313d.dir/build.make CMakeFiles/cmTC_9313d.dir/build
make[1]: Entering directory '/home/ubuntu/cache_schedule/leveldb/build/CMakeFiles/CMakeTmp'
Building C object CMakeFiles/cmTC_9313d.dir/CMakeCCompilerABI.c.o
/usr/bin/clang   -v -o CMakeFiles/cmTC_9313d.dir/CMakeCCompilerABI.c.o   -c /usr/share/cmake-3.16/Modules/CMakeCCompilerABI.c
clang version 10.0.0-4ubuntu1 
Target: x86_64-pc-linux-gnu
Thread model: posix
InstalledDir: /usr/bin
Found candidate GCC installation: /usr/bin/../lib/gcc/x86_64-linux-gnu/9
Found candidate GCC installation: /usr/lib/gcc/x86_64-linux-gnu/9
Selected GCC installation: /usr/bin/../lib/gcc/x86_64-linux-gnu/9
Candidate multilib: .;@m64
Selected multilib: .;@m64
 (in-process)
 "/usr/lib/llvm-10/bin/clang" -cc1 -triple x86_64-pc-linux-gnu -emit-obj -mrelax-all -disable-free -disable-llvm-verifier -discard-value-names -main-file-name CMakeCCompilerABI.c -mrelocation-model static -mthread-model posix -mframe-pointer=all -fmath-errno -fno-rounding-math -masm-verbose -mconstructor-aliases -munwind-tables -target-cpu x86-64 -dwarf-column-info -fno-split-dwarf-inlining -debugger-tuning=gdb -v -resource-dir /usr/lib/llvm-10/lib/clang/10.0.0 -internal-isystem /usr/local/include -internal-isystem /usr/lib/llvm-10/lib/clang/10.0.0/include -internal-externc-isystem /usr/include/x86_64-linux-gnu -internal-externc-isystem /include -internal-externc-isystem /usr/include -fdebug-compilation-dir /home/ubuntu/cache_schedule/leveldb/build/CMakeFiles/CMakeTmp -ferror-limit 19 -fmessage-length 0 -fgnuc-version=4.2.1 -fobjc-runtime=gcc -fdiagnostics-show-option -faddrsig -o CMakeFiles/cmTC_9313d.dir/CMakeCCompilerABI.c.o -x c /usr/share/cmake-3.16/Modules/CMakeCCompilerABI.c
clang -cc1 version 10.0.0 based upon LLVM 10.0.0 default target x86_64-pc-linux-gnu
ignoring nonexistent directory "/include"
#include "..." search starts here:
#include <...> search starts here:
 /usr/local/include
 /usr/lib/llvm-10/lib/clang/10.0.0/include
 /usr/include/x86_64-linux-gnu
 /usr/include
End of search list.
Linking C executable cmTC_9313d
/usr/bin/cmake -E cmake_link_script CMakeFiles/cmTC_9313d.dir/link.txt --verbose=1
/usr/bin/clang     -v CMakeFiles/cmTC_9313d.dir/CMakeCCompilerABI.c.o  -o cmTC_9313d 
clang version 10.0.0-4ubuntu1 
Target: x86_64-pc-linux-gnu
Thread model: posix
InstalledDir: /usr/bin
Found candidate GCC installation: /usr/bin/../lib/gcc/x86_64-linux-gnu/9
Found candidate GCC installation: /usr/lib/gcc/x86_64-linux-gnu/9
Selected GCC installation: /usr/bin/../lib/gcc/x86_64-linux-gnu/9
Candidate multilib: .;@m64
Selected multilib: .;@m64
 "/usr/bin/ld" -z relro --hash-style=gnu --build-id --eh-frame-hdr -m elf_x86_64 -dynamic-linker /lib64/ld-linux-x86-64.so.2 -o cmTC_9313d /usr/bin/../lib/gcc/x86_64-linux-gnu/9/../../../x86_64-linux-gnu/crt1.o /usr/bin/../lib/gcc/x86_64-linux-gnu/9/../../../x86_64-linux-gnu/crti.o /usr/bin/../lib/gcc/x86_64-linux-gnu/9/crtbegin.o -L/usr/bin/../lib/gcc/x86_64-linux-gnu/9 -L/usr/bin/../lib/gcc/x86_64-linux-gnu/9/../../../x86_64-linux-gnu -L/usr/bin/../lib/gcc/x86_64-linux-gnu/9/../../../../lib64 -L/lib/x86_64-linux-gnu -L/lib/../lib64 -L/usr/lib/x86_64-linux-gnu -L/usr/lib/../lib64 -L/usr/lib/x86_64-linux-gnu/../../lib64 -L/usr/bin/../lib/gcc/x86_64-linux-gnu/9/../../.. -L/usr/lib/llvm-10/bin/../lib -L/lib -L/usr/lib CMakeFiles/cmTC_9313d.dir/CMakeCCompilerABI.c.o -lgcc --as-needed -lgcc_s --no-as-needed -lc -lgcc --as-needed -lgcc_s --no-as-needed /usr/bin/../lib/gcc/x86_64-linux-gnu/9/crtend.o /usr/bin/../lib/gcc/x86_64-linux-gnu/9/../../../x86_64-linux-gnu/crtn.o
make[1]: Leaving directory '/home/ubuntu/cache_schedule/leveldb/build/CMakeFiles/CMakeTmp'



Parsed C implicit include dir info from above output: rv=done
  found start of include info
  found start of implicit include info
    add: [/usr/local/include]
    add: [/usr/lib/llvm-10/lib/clang/10.0.0/include]
    add: [/usr/include/x86_64-linux-gnu]
    add: [/usr/include]
  end of search list found
  collapse include dir [/usr/local/include] ==> [/usr/local/include]
  collapse include dir [/usr/lib/llvm-10/lib/clang/10.0.0/include] ==> [/usr/lib/llvm-10/lib/clang/10.0.0/include]
  collapse include dir [/usr/include/x86_64-linux-gnu] ==> [/usr/include/x86_64-linux-gnu]
  collapse include dir [/usr/include] ==> [/usr/include]
  implicit include dirs: [/usr/local/include;/usr/lib/llvm-10/lib/clang/10.0.0/include;/usr/include/x86_64-linux-gnu;/usr/include]


Parsed C implicit link information from above output:
  link line regex: [^( *|.*[/\])(ld|CMAKE_LINK_STARTFILE-NOTFOUND|([^/\]+-)?ld|collect2)[^/\]*( |$)]
  ignore line: [Change Dir: /home/ubuntu/cache_schedule/leveldb/build/CMakeFiles/CMakeTmp]
  ignore line: []
  ignore line: [Run Build Command(s):/usr/bin/make cmTC_9313d/fast && /usr/bin/make -f CMakeFiles/cmTC_9313d.dir/build.make CMakeFiles/cmTC_9313d.dir/build]
  ignore line: [make[1]: Entering directory '/home/ubuntu/cache_schedule/leveldb/build/CMakeFiles/CMakeTmp']
  ignore line: [Building C object CMakeFiles/cmTC_9313d.dir/CMakeCCompilerABI.c.o]
  ignore line: [/usr/bin/clang   -v -o CMakeFiles/cmTC_9313d.dir/CMakeCCompilerABI.c.o   -c /usr/share/cmake-3.16/Modules/CMakeCCompilerABI.c]
  ignore line: [clang version 10.0.0-4ubuntu1 ]
  ignore line: [Target: x86_64-pc-linux-gnu]
  ignore line: [Thread model: posix]
  ignore line: [InstalledDir: /usr/bin]
  ignore line: [Found candidate GCC installation: /usr/bin/../lib/gcc/x86_64-linux-gnu/9]
  ignore line: [Found candidate GCC installation: /usr/lib/gcc/x86_64-linux-gnu/9]
  ignore line: [Selected GCC installation: /usr/bin/../lib/gcc/x86_64-linux-gnu/9]
  ignore line: [Candidate multilib: .]
  ignore line: [@m64]
  ignore line: [Selected multilib: .]
  ignore line: [@m64]
  ignore line: [ (in-process)]
  ignore line: [ "/usr/lib/llvm-10/bin/clang" -cc1 -triple x86_64-pc-linux-gnu -emit-obj -mrelax-all -disable-free -disable-llvm-verifier -discard-value-names -main-file-name CMakeCCompilerABI.c -mrelocation-model static -mthread-model posix -mframe-pointer=all -fmath-errno -fno-rounding-math -masm-verbose -mconstructor-aliases -munwind-tables -target-cpu x86-64 -dwarf-column-info -fno-split-dwarf-inlining -debugger-tuning=gdb -v -resource-dir /usr/lib/llvm-10/lib/clang/10.0.0 -internal-isystem /usr/local/include -internal-isystem /usr/lib/llvm-10/lib/clang/10.0.0/include -internal-externc-isystem /usr/include/x86_64-linux-gnu -internal-externc-isystem /include -internal-externc-isystem /usr/include -fdebug-compilation-dir /home/ubuntu/cache_schedule/leveldb/build/CMakeFiles/CMakeTmp -ferror-limit 19 -fmessage-length 0 -fgnuc-version=4.2.1 -fobjc-runtime=gcc -fdiagnostics-show-option -faddrsig -o CMakeFiles/cmTC_9313d.dir/CMakeCCompilerABI.c.o -x c /usr/share/cmake-3.16/Modules/CMakeCCompilerABI.c]
  ignore line: [clang -cc1 version 10.0.0 based upon LLVM 10.0.0 default target x86_64-pc-linux-gnu]
  ignore line: [ignoring nonexistent directory "/include"]
  ignore line: [#include "..." search starts here:]
  ignore line: [#include <...> search starts here:]
  ignore line: [ /usr/local/include]
  ignore line: [ /usr/lib/llvm-10/lib/clang/10.0.0/include]
  ignore line: [ /usr/include/x86_64-linux-gnu]
  ignore line: [ /usr/include]
  ignore line: [End of search list.]
  ignore line: [Linking C executable cmTC_9313d]
  ignore line: [/usr/bin/cmake -E cmake_link_script CMakeFiles/cmTC_9313d.dir/link.txt --verbose=1]
  ignore line: [/usr/bin/clang     -v CMakeFiles/cmTC_9313d.dir/CMakeCCompilerABI.c.o  -o cmTC_9313d ]
  ignore line: [clang version 10.0.0-4ubuntu1 ]
  ignore line: [Target: x86_64-pc-linux-gnu]
  ignore line: [Thread model: posix]
  ignore line: [InstalledDir: /usr/bin]
  ignore line: [Found candidate GCC installation: /usr/bin/../lib/gcc/x86_64-linux-gnu/9]
  ignore line: [Found candidate GCC installation: /usr/lib/gcc/x86_64-linux-gnu/9]
  ignore line: [Selected GCC installation: /usr/bin/../lib/gcc/x86_64-linux-gnu/9]
  ignore line: [Candidate multilib: .]
  ignore line: [@m64]
  ignore line: [Selected multilib: .]
  ignore line: [@m64]
  link line: [ "/usr/bin/ld" -z relro --hash-style=gnu --build-id --eh-frame-hdr -m elf_x86_64 -dynamic-linker /lib64/ld-linux-x86-64.so.2 -o cmTC_9313d /usr/bin/../lib/gcc/x86_64-linux-gnu/9/../../../x86_64-linux-gnu/crt1.o /usr/bin/../lib/gcc/x86_64-linux-gnu/9/../../../x86_64-linux-gnu/crti.o /usr/bin/../lib/gcc/x86_64-linux-gnu/9/crtbegin.o -L/usr/bin/../lib/gcc/x86_64-linux-gnu/9 -L/usr/bin/../lib/gcc/x86_64-linux-gnu/9/../../../x86_64-linux-gnu -L/usr/bin/../lib/gcc/x86_64-linux-gnu/9/../../../../lib64 -L/lib/x86_64-linux-gnu -L/lib/../lib64 -L/usr/lib/x86_64-linux-gnu -L/usr/lib/../lib64 -L/usr/lib/x86_64-linux-gnu/../../lib64 -L/usr/bin/../lib/gcc/x86_64-linux-gnu/9/../../.. -L/usr/lib/llvm-10/bin/../lib -L/lib -L/usr/lib CMakeFiles/cmTC_9313d.dir/CMakeCCompilerABI.c.o -lgcc --as-needed -lgcc_s --no-as-needed -lc -lgcc --as-needed -lgcc_s --no-as-needed /usr/bin/../lib/gcc/x86_64-linux-gnu/9/crtend.o /usr/bin/../lib/gcc/x86_64-linux-gnu/9/../../../x86_64-linux-gnu/crtn.o]
    arg [/usr/bin/ld] ==> ignore
    arg [-zrelro] ==> ignore
    arg [--hash-style=gnu] ==> ignore
    arg [--build-id] ==> ignore
    arg [--eh-frame-hdr] ==> ignore
    arg [-m] ==> ignore
    arg [elf_x86_64] ==> ignore
    arg [-dynamic-linker] ==> ignore
    arg [/lib64/ld-linux-x86-64.so.2] ==> ignore
    arg [-o] ==> ignore
    arg [cmTC_9313d] ==> ignore
    arg [/usr/bin/../lib/gcc/x86_64-linux-gnu/9/../../../x86_64-linux-gnu/crt1.o] ==> ignore
    arg [/usr/bin/../lib/gcc/x86_64-linux-gnu/9/../../../x86_64-linux-gnu/crti.o] ==> ignore
    arg [/usr/bin/../lib/gcc/x86_64-linux-gnu/9/crtbegin.o] ==> ignore
    arg [-L/usr/bin/../lib/gcc/x86_64-linux-gnu/9] ==> dir [/usr/bin/../lib/gcc/x86_64-linux-gnu/9]
    arg [-L/usr/bin/../lib/gcc/x86_64-linux-gnu/9/../../../x86_64-linux-gnu] ==> dir [/usr/bin/../lib/gcc/x86_64-linux-gnu/9/../../../x86_64-linux-gnu]
    arg [-L/usr/bin/../lib/gcc/x86_64-linux-gnu/9/../../../../lib64] ==> dir [/usr/bin/../lib/gcc/x86_64-linux-gnu/9/../../../../lib64]
    arg [-L/lib/x86_64-linux-gnu] ==> dir [/lib/x86_64-linux-gnu]
    arg [-L/lib/../lib64] ==> dir [/lib/../lib64]
    arg [-L/usr/lib/x86_64-linux-gnu] ==> dir [/usr/lib/x86_64-linux-gnu]
    arg [-L/usr/lib/../lib64] ==> dir [/usr/lib/../lib64]
    arg [-L/usr/lib/x86_64-linux-gnu/../../lib64] ==> dir [/usr/lib/x86_64-linux-gnu/../../lib64]
    arg [-L/usr/bin/../lib/gcc/x86_64-linux-gnu/9/../../..] ==> dir [/usr/bin/../lib/gcc/x86_64-linux-gnu/9/../../..]
    arg [-L/usr/lib/llvm-10/bin/../lib] ==> dir [/usr/lib/llvm-10/bin/../lib]
    arg [-L/lib] ==> dir [/lib]
    arg [-L/usr/lib] ==> dir [/usr/lib]
    arg [CMakeFiles/cmTC_9313d.dir/CMakeCCompilerABI.c.o] ==> ignore
    arg [-lgcc] ==> lib [gcc]
    arg [--as-needed] ==> ignore
    arg [-lgcc_s] ==> lib [gcc_s]
    arg [--no-as-needed] ==> ignore
    arg [-lc] ==> lib [c]
    arg [-lgcc] ==> lib [gcc]
    arg [--as-needed] ==> ignore
    arg [-lgcc_s] ==> lib [gcc_s]
    arg [--no-as-needed] ==> ignore
    arg [/usr/bin/../lib/gcc/x86_64-linux-gnu/9/crtend.o] ==> ignore
    arg [/usr/bin/../lib/gcc/x86_64-linux-gnu/9/../../../x86_64-linux-gnu/crtn.o] ==> ignore
  collapse library dir [/usr/bin/../lib/gcc/x86_64-linux-gnu/9] ==> [/usr/lib/gcc/x86_64-linux-gnu/9]
  collapse library dir [/usr/bin/../lib/gcc/x86_64-linux-gnu/9/../../../x86_64-linux-gnu] ==> [/usr/lib/x86_64-linux-gnu]
  collapse library dir [/usr/bin/../lib/gcc/x86_64-linux-gnu/9/../../../../lib64] ==> [/usr/lib64]
  collapse library dir [/lib/x86_64-linux-gnu] ==> [/lib/x86_64-linux-gnu]
  collapse library dir [/lib/../lib64] ==> [/lib64]
  collapse library dir [/usr/lib/x86_64-linux-gnu] ==> [/usr/lib/x86_64-linux-gnu]
  collapse library dir [/usr/lib/../lib64] ==> [/usr/lib64]
  collapse library dir [/usr/lib/x86_64-linux-gnu/../../lib64] ==> [/usr/lib64]
  collapse library dir [/usr/bin/../lib/gcc/x86_64-linux-gnu/9/../../..] ==> [/usr/lib]
  collapse library dir [/usr/lib/llvm-10/bin/../lib] ==> [/usr/lib/llvm-10/lib]
  collapse library dir [/lib] ==> [/lib]
  collapse library dir [/usr/lib] ==> [/usr/lib]
  implicit libs: [gcc;gcc_s;c;gcc;gcc_s]
  implicit dirs: [/usr/lib/gcc/x86_64-linux-gnu/9;/usr/lib/x86_64-linux-gnu;/usr/lib64;/lib/x86_64-linux-gnu;/lib64;/usr/lib;/usr/lib/llvm-10/lib;/lib]
  implicit fwks: []


Determining if the CXX compiler works passed with the following output:
Change Dir: /home/ubuntu/cache_schedule/leveldb/build/CMakeFiles/CMakeTmp

Run Build Command(s):/usr/bin/make cmTC_a6fca/fast && /usr/bin/make -f CMakeFiles/cmTC_a6fca.dir/build.make CMakeFiles/cmTC_a6fca.dir/build
make[1]: Entering directory '/home/ubuntu/cache_schedule/leveldb/build/CMakeFiles/CMakeTmp'
Building CXX object CMakeFiles/cmTC_a6fca.dir/testCXXCompiler.cxx.o
/usr/bin/clang++     -o CMakeFiles/cmTC_a6fca.dir/testCXXCompiler.cxx.o -c /home/ubuntu/cache_schedule/leveldb/build/CMakeFiles/CMakeTmp/testCXXCompiler.cxx
Linking CXX executable cmTC_a6fca
/usr/bin/cmake -E cmake_link_script CMakeFiles/cmTC_a6fca.dir/link.txt --verbose=1
/usr/bin/clang++       CMakeFiles/cmTC_a6fca.dir/testCXXCompiler.cxx.o  -o cmTC_a6fca 
make[1]: Leaving directory '/home/ubuntu/cache_schedule/leveldb/build/CMakeFiles/CMakeTmp'



Detecting CXX compiler ABI info compiled with the following output:
Change Dir: /home/ubuntu/cache_schedule/leveldb/build/CMakeFiles/CMakeTmp

Run Build Command(s):/usr/bin/make cmTC_2c174/fast && /usr/bin/make -f CMakeFiles/cmTC_2c174.dir/build.make CMakeFiles/cmTC_2c174.dir/build
make[1]: Entering directory '/home/ubuntu/cache_schedule/leveldb/build/CMakeFiles/CMakeTmp'
Building CXX object CMakeFiles/cmTC_2c174.dir/CMakeCXXCompilerABI.cpp.o
/usr/bin/clang++    -v -o CMakeFiles/cmTC_2c174.dir/CMakeCXXCompilerABI.cpp.o -c /usr/share/cmake-3.16/Modules/CMakeCXXCompilerABI.cpp
clang version 10.0.0-4ubuntu1 
Target: x86_64-pc-linux-gnu
Thread model: posix
InstalledDir: /usr/bin
Found candidate GCC installation: /usr/bin/../lib/gcc/x86_64-linux-gnu/9
Found candidate GCC installation: /usr/lib/gcc/x86_64-linux-gnu/9
Selected GCC installation: /usr/bin/../lib/gcc/x86_64-linux-gnu/9
Candidate multilib: .;@m64
Selected multilib: .;@m64
 (in-process)
 "/usr/lib/llvm-10/bin/clang" -cc1 -triple x86_64-pc-linux-gnu -emit-obj -mrelax-all -disable-free -disable-llvm-verifier -discard-value-names -main-file-name CMakeCXXCompilerABI.cpp -mrelocation-model static -mthread-model posix -mframe-pointer=all -fmath-errno -fno-rounding-math -masm-verbose -mconstructor-aliases -munwind-tables -target-cpu x86-64 -dwarf-column-info -fno-split-dwarf-inlining -debugger-tuning=gdb -v -resource-dir /usr/lib/llvm-10/lib/clang/10.0.0 -internal-isystem /usr/bin/../lib/gcc/x86_64-linux-gnu/9/../../../../include/c++/9 -internal-isystem /usr/bin/../lib/gcc/x86_64-linux-gnu/9/../../../../include/x86_64-linux-gnu/c++/9 -internal-isystem /usr/bin/../lib/gcc/x86_64-linux-gnu/9/../../../../include/x86_64-linux-gnu/c++/9 -internal-isystem /usr/bin/../lib/gcc/x86_64-linux-gnu/9/../../../../include/c++/9/backward -internal-isystem /usr/local/include -internal-isystem /usr/lib/llvm-10/lib/clang/10.0.0/include -internal-externc-isystem /usr/include/x86_64-linux-gnu -internal-externc-isystem /include -internal-externc-isystem /usr/include -fdeprecated-macro -fdebug-compilation-dir /home/ubuntu/cache_schedule/leveldb/build/CMakeFiles/CMakeTmp -ferror-limit 19 -fmessage-length 0 -fgnuc-version=4.2.1 -fobjc-runtime=gcc -fcxx-exceptions -fexceptions -fdiagnostics-show-option -faddrsig -o CMakeFiles/cmTC_2c174.dir/CMakeCXXCompilerABI.cpp.o -x c++ /usr/share/cmake-3.16/Modules/CMakeCXXCompilerABI.cpp
clang -cc1 version 10.0.0 based upon LLVM 10.0.0 default target x86_64-pc-linux-gnu
ignoring nonexistent directory "/include"
ignoring duplicate directory "/usr/bin/../lib/gcc/x86_64-linux-gnu/9/../../../../include/x86_64-linux-gnu/c++/9"
#include "..." search starts here:
#include <...> search starts here:
 /usr/bin/../lib/gcc/x86_64-linux-gnu/9/../../../../include/c++/9
 /usr/bin/../lib/gcc/x86_64-linux-gnu/9/../../../../include/x86_64-linux-gnu/c++/9
 /usr/bin/../lib/gcc/x86_64-linux-gnu/9/../../../../include/c++/9/backward
 /usr/local/include
 /usr/lib/llvm-10/lib/clang/10.0.0/include
 /usr/include/x86_64-linux-gnu
 /usr/include
End of search list.
Linking CXX executable cmTC_2c174
/usr/bin/cmake -E cmake_link_script CMakeFiles/cmTC_2c174.dir/link.txt --verbose=1
/usr/bin/clang++      -v CMakeFiles/cmTC_2c174.dir/CMakeCXXCompilerABI.cpp.o  -o cmTC_2c174 
clang version 10.0.0-4ubuntu1 
Target: x86_64-pc-linux-gnu
Thread model: posix
InstalledDir: /usr/bin
Found candidate GCC installation: /usr/bin/../lib/gcc/x86_64-linux-gnu/9
Found candidate GCC installation: /usr/lib/gcc/x86_64-linux-gnu/9
Selected GCC installation: /usr/bin/../lib/gcc/x86_64-linux-gnu/9
Candidate multilib: .;@m64
Selected multilib: .;@m64
 "/usr/bin/ld" -z relro --hash-style=gnu --build-id --eh-frame-hdr -m elf_x86_64 -dynamic-linker /lib64/ld-linux-x86-64.so.2 -o cmTC_2c174 /usr/bin/../lib/gcc/x86_64-linux-gnu/9/../../../x86_64-linux-gnu/crt1.o /usr/bin/../lib/gcc/x86_64-linux-gnu/9/../../../x86_64-linux-gnu/crti.o /usr/bin/../lib/gcc/x86_64-linux-gnu/9/crtbegin.o -L/usr/bin/../lib/gcc/x86_64-linux-gnu/9 -L/usr/bin/../lib/gcc/x86_64-linux-gnu/9/../../../x86_64-linux-gnu -L/usr/bin/../lib/gcc/x86_64-linux-gnu/9/../../../../lib64 -L/lib/x86_64-linux-gnu -L/lib/../lib64 -L/usr/lib/x86_64-linux-gnu -L/usr/lib/../lib64 -L/usr/lib/x86_64-linux-gnu/../../lib64 -L/usr/bin/../lib/gcc/x86_64-linux-gnu/9/../../.. -L/usr/lib/llvm-10/bin/../lib -L/lib -L/usr/lib CMakeFiles/cmTC_2c174.dir/CMakeCXXCompilerABI.cpp.o -lstdc++ -lm -lgcc_s -lgcc -lc -lgcc_s -lgcc /usr/bin/../lib/gcc/x86_64-linux-gnu/9/crtend.o /usr/bin/../lib/gcc/x86_64-linux-gnu/9/../../../x86_64-linux-gnu/crtn.o
make[1]: Leaving directory '/home/ubuntu/cache_schedule/leveldb/build/CMakeFiles/CMakeTmp'



Parsed CXX implicit include dir info from above output: rv=done
  found start of include info
  found start of implicit include info
    add: [/usr/bin/../lib/gcc/x86_64-linux-gnu/9/../../../../include/c++/9]
    add: [/usr/bin/../lib/gcc/x86_64-linux-gnu/9/../../../../include/x86_64-linux-gnu/c++/9]
    add: [/usr/bin/../lib/gcc/x86_64-linux-gnu/9/../../../../include/c++/9/backward]
    add: [/usr/local/include]
    add: [/usr/lib/llvm-10/lib/clang/10.0.0/include]
    add: [/usr/include/x86_64-linux-gnu]
    add: [/usr/include]
  end of search list found
  collapse include dir [/usr/bin/../lib/gcc/x86_64-linux-gnu/9/../../../../include/c++/9] ==> [/usr/include/c++/9]
  collapse include dir [/usr/bin/../lib/gcc/x86_64-linux-gnu/9/../../../../include/x86_64-linux-gnu/c++/9] ==> [/usr/include/x86_64-linux-gnu/c++/9]
  collapse include dir [/usr/bin/../lib/gcc/x86_64-linux-gnu/9/../../../../include/c++/9/backward] ==> [/usr/include/c++/9/backward]
  collapse include dir [/usr/local/include] ==> [/usr/local/include]
  collapse include dir [/usr/lib/llvm-10/lib/clang/10.0.0/include] ==> [/usr/lib/llvm-10/lib/clang/10.0.0/include]
  collapse include dir [/usr/include/x86_64-linux-gnu] ==> [/usr/include/x86_64-linux-gnu]
  collapse include dir [/usr/include] ==> [/usr/include]
  implicit include dirs: [/usr/include/c++/9;/usr/include/x86_64-linux-gnu/c++/9;/usr/include/c++/9/backward;/usr/local/include;/usr/lib/llvm-10/lib/clang/10.0.0/include;/usr/include/x86_64-linux-gnu;/usr/include]


Parsed CXX implicit link information from above output:
  link line regex: [^( *|.*[/\])(ld|CMAKE_LINK_STARTFILE-NOTFOUND|([^/\]+-)?ld|collect2)[^/\]*( |$)]
  ignore line: [Change Dir: /home/ubuntu/cache_schedule/leveldb/build/CMakeFiles/CMakeTmp]
  ignore line: []
  ignore line: [Run Build Command(s):/usr/bin/make cmTC_2c174/fast && /usr/bin/make -f CMakeFiles/cmTC_2c174.dir/build.make CMakeFiles/cmTC_2c174.dir/build]
  ignore line: [make[1]: Entering directory '/home/ubuntu/cache_schedule/leveldb/build/CMakeFiles/CMakeTmp']
  ignore line: [Building CXX object CMakeFiles/cmTC_2c174.dir/CMakeCXXCompilerABI.cpp.o]
  ignore line: [/usr/bin/clang++    -v -o CMakeFiles/cmTC_2c174.dir/CMakeCXXCompilerABI.cpp.o -c /usr/share/cmake-3.16/Modules/CMakeCXXCompilerABI.cpp]
  ignore line: [clang version 10.0.0-4ubuntu1 ]
  ignore line: [Target: x86_64-pc-linux-gnu]
  ignore line: [Thread model: posix]
  ignore line: [InstalledDir: /usr/bin]
  ignore line: [Found candidate GCC installation: /usr/bin/../lib/gcc/x86_64-linux-gnu/9]
  ignore line: [Found candidate GCC installation: /usr/lib/gcc/x86_64-linux-gnu/9]
  ignore line: [Selected GCC installation: /usr/bin/../lib/gcc/x86_64-linux-gnu/9]
  ignore line: [Candidate multilib: .]
  ignore line: [@m64]
  ignore line: [Selected multilib: .]
  ignore line: [@m64]
  ignore line: [ (in-process)]
  ignore line: [ "/usr/lib/llvm-10/bin/clang" -cc1 -triple x86_64-pc-linux-gnu -emit-obj -mrelax-all -disable-free -disable-llvm-verifier -discard-value-names -main-file-name CMakeCXXCompilerABI.cpp -mrelocation-model static -mthread-model posix -mframe-pointer=all -fmath-errno -fno-rounding-math -masm-verbose -mconstructor-aliases -munwind-tables -target-cpu x86-64 -dwarf-column-info -fno-split-dwarf-inlining -debugger-tuning=gdb -v -resource-dir /usr/lib/llvm-10/lib/clang/10.0.0 -internal-isystem /usr/bin/../lib/gcc/x86_64-linux-gnu/9/../../../../include/c++/9 -internal-isystem /usr/bin/../lib/gcc/x86_64-linux-gnu/9/../../../../include/x86_64-linux-gnu/c++/9 -internal-isystem /usr/bin/../lib/gcc/x86_64-linux-gnu/9/../../../../include/x86_64-linux-gnu/c++/9 -internal-isystem /usr/bin/../lib/gcc/x86_64-linux-gnu/9/../../../../include/c++/9/backward -internal-isystem /usr/local/include -internal-isystem /usr/lib/llvm-10/lib/clang/10.0.0/include -internal-externc-isystem /usr/include/x86_64-linux-gnu -internal-externc-isystem /include -internal-externc-isystem /usr/include -fdeprecated-macro -fdebug-compilation-dir /home/ubuntu/cache_schedule/leveldb/build/CMakeFiles/CMakeTmp -ferror-limit 19 -fmessage-length 0 -fgnuc-version=4.2.1 -fobjc-runtime=gcc -fcxx-exceptions -fexceptions -fdiagnostics-show-option -faddrsig -o CMakeFiles/cmTC_2c174.dir/CMakeCXXCompilerABI.cpp.o -x c++ /usr/share/cmake-3.16/Modules/CMakeCXXCompilerABI.cpp]
  ignore line: [clang -cc1 version 10.0.0 based upon LLVM 10.0.0 default target x86_64-pc-linux-gnu]
  ignore line: [ignoring nonexistent directory "/include"]
  ignore line: [ignoring duplicate directory "/usr/bin/../lib/gcc/x86_64-linux-gnu/9/../../../../include/x86_64-linux-gnu/c++/9"]
  ignore line: [#include "..." search starts here:]
  ignore line: [#include <...> search starts here:]
  ignore line: [ /usr/bin/../lib/gcc/x86_64-linux-gnu/9/../../../../include/c++/9]
  ignore line: [ /usr/bin/../lib/gcc/x86_64-linux-gnu/9/../../../../include/x86_64-linux-gnu/c++/9]
  ignore line: [ /usr/bin/../lib/gcc/x86_64-linux-gnu/9/../../../../include/c++/9/backward]
  ignore line: [ /usr/local/include]
  ignore line: [ /usr/lib/llvm-10/lib/clang/10.0.0/include]
  ignore line: [ /usr/include/x86_64-linux-gnu]
  ignore line: [ /usr/include]
  ignore line: [End of search list.]
  ignore line: [Linking CXX executable cmTC_2c174]
  ignore line: [/usr/bin/cmake -E cmake_link_script CMakeFiles/cmTC_2c174.dir/link.txt --verbose=1]
  ignore line: [/usr/bin/clang++      -v CMakeFiles/cmTC_2c174.dir/CMakeCXXCompilerABI.cpp.o  -o cmTC_2c174 ]
  ignore line: [clang version 10.0.0-4ubuntu1 ]
  ignore line: [Target: x86_64-pc-linux-gnu]
  ignore line: [Thread model: posix]
  ignore line: [InstalledDir: /usr/bin]
  ignore line: [Found candidate GCC installation: /usr/bin/../lib/gcc/x86_64-linux-gnu/9]
  ignore line: [Found candidate GCC installation: /usr/lib/gcc/x86_64-linux-gnu/9]
  ignore line: [Selected GCC installation: /usr/bin/../lib/gcc/x86_64-linux-gnu/9]
  ignore line: [Candidate multilib: .]
  ignore line: [@m64]
  ignore line: [Selected multilib: .]
  ignore line: [@m64]
  link line: [ "/usr/bin/ld" -z relro --hash-style=gnu --build-id --eh-frame-hdr -m elf_x86_64 -dynamic-linker /lib64/ld-linux-x86-64.so.2 -o cmTC_2c174 /usr/bin/../lib/gcc/x86_64-linux-gnu/9/../../../x86_64-linux-gnu/crt1.o /usr/bin/../lib/gcc/x86_64-linux-gnu/9/../../../x86_64-linux-gnu/crti.o /usr/bin/../lib/gcc/x86_64-linux-gnu/9/crtbegin.o -L/usr/bin/../lib/gcc/x86_64-linux-gnu/9 -L/usr/bin/../lib/gcc/x86_64-linux-gnu/9/../../../x86_64-linux-gnu -L/usr/bin/../lib/gcc/x86_64-linux-gnu/9/../../../../lib64 -L/lib/x86_64-linux-gnu -L/lib/../lib64 -L/usr/lib/x86_64-linux-gnu -L/usr/lib/../lib64 -L/usr/lib/x86_64-linux-gnu/../../lib64 -L/usr/bin/../lib/gcc/x86_64-linux-gnu/9/../../.. -L/usr/lib/llvm-10/bin/../lib -L/lib -L/usr/lib CMakeFiles/cmTC_2c174.dir/CMakeCXXCompilerABI.cpp.o -lstdc++ -lm -lgcc_s -lgcc -lc -lgcc_s -lgcc /usr/bin/../lib/gcc/x86_64-linux-gnu/9/crtend.o /usr/bin/../lib/gcc/x86_64-linux-gnu/9/../../../x86_64-linux-gnu/crtn.o]
    arg [/usr/bin/ld] ==> ignore
    arg [-zrelro] ==> ignore
    arg [--hash-style=gnu] ==> ignore
    arg [--build-id] ==> ignore
    arg [--eh-frame-hdr] ==> ignore
    arg [-m] ==> ignore
    arg [elf_x86_64] ==> ignore
    arg [-dynamic-linker] ==> ignore
    arg [/lib64/ld-linux-x86-64.so.2] ==> ignore
    arg [-o] ==> ignore
    arg [cmTC_2c174] ==> ignore
    arg [/usr/bin/../lib/gcc/x86_64-linux-gnu/9/../../../x86_64-linux-gnu/crt1.o] ==> ignore
    arg [/usr/bin/../lib/gcc/x86_64-linux-gnu/9/../../../x86_64-linux-gnu/crti.o] ==> ignore
    arg [/usr/bin/../lib/gcc/x86_64-linux-gnu/9/crtbegin.o] ==> ignore
    arg [-L/usr/bin/../lib/gcc/x86_64-linux-gnu/9] ==> dir [/usr/bin/../lib/gcc/x86_64-linux-gnu/9]
    arg [-L/usr/bin/../lib/gcc/x86_64-linux-gnu/9/../../../x86_64-linux-gnu] ==> dir [/usr/bin/../lib/gcc/x86_64-linux-gnu/9/../../../x86_64-linux-gnu]
    arg [-L/usr/bin/../lib/gcc/x86_64-linux-gnu/9/../../../../lib64] ==> dir [/usr/bin/../lib/gcc/x86_64-linux-gnu/9/../../../../lib64]
    arg [-L/lib/x86_64-linux-gnu] ==> dir [/lib/x86_64-linux-gnu]
    arg [-L/lib/../lib64] ==> dir [/lib/../lib64]
    arg [-L/usr/lib/x86_64-linux-gnu] ==> dir [/usr/lib/x86_64-linux-gnu]
    arg [-L/usr/lib/../lib64] ==> dir [/usr/lib/../lib64]
    arg [-L/usr/lib/x86_64-linux-gnu/../../lib64] ==> dir [/usr/lib/x86_64-linux-gnu/../../lib64]
    arg [-L/usr/bin/../lib/gcc/x86_64-linux-gnu/9/../../..] ==> dir [/usr/bin/../lib/gcc/x86_64-linux-gnu/9/../../..]
    arg [-L/usr/lib/llvm-10/bin/../lib] ==> dir [/usr/lib/llvm-10/bin/../lib]
    arg [-L/lib] ==> dir [/lib]
    arg [-L/usr/lib] ==> dir [/usr/lib]
    arg [CMakeFiles/cmTC_2c174.dir/CMakeCXXCompilerABI.cpp.o] ==> ignore
    arg [-lstdc++] ==> lib [stdc++]
    arg [-lm] ==> lib [m]
    arg [-lgcc_s] ==> lib [gcc_s]
    arg [-lgcc] ==> lib [gcc]
    arg [-lc] ==> lib [c]
    arg [-lgcc_s] ==> lib [gcc_s]
    arg [-lgcc] ==> lib [gcc]
    arg [/usr/bin/../lib/gcc/x86_64-linux-gnu/9/crtend.o] ==> ignore
    arg [/usr/bin/../lib/gcc/x86_64-linux-gnu/9/../../../x86_64-linux-gnu/crtn.o] ==> ignore
  collapse library dir [/usr/bin/../lib/gcc/x86_64-linux-gnu/9] ==> [/usr/lib/gcc/x86_64-linux-gnu/9]
  collapse library dir [/usr/bin/../lib/gcc/x86_64-linux-gnu/9/../../../x86_64-linux-gnu] ==> [/usr/lib/x86_64-linux-gnu]
  collapse library dir [/usr/bin/../lib/gcc/x86_64-linux-gnu/9/../../../../lib64] ==> [/usr/lib64]
  collapse library dir [/lib/x86_64-linux-gnu] ==> [/lib/x86_64-linux-gnu]
  collapse library dir [/lib/../lib64] ==> [/lib64]
  collapse library dir [/usr/lib/x86_64-linux-gnu] ==> [/usr/lib/x86_64-linux-gnu]
  collapse library dir [/usr/lib/../lib64] ==> [/usr/lib64]
  collapse library dir [/usr/lib/x86_64-linux-gnu/../../lib64] ==> [/usr/lib64]
  collapse library dir [/usr/bin/../lib/gcc/x86_64-linux-gnu/9/../../..] ==> [/usr/lib]
  collapse library dir [/usr/lib/llvm-10/bin/../lib] ==> [/usr/lib/llvm-10/lib]
  collapse library dir [/lib] ==> [/lib]
  collapse library dir [/usr/lib] ==> [/usr/lib]
  implicit libs: [stdc++;m;gcc_s;gcc;c;gcc_s;gcc]
  implicit dirs: [/usr/lib/gcc/x86_64-linux-gnu/9;/usr/lib/x86_64-linux-gnu;/usr/lib64;/lib/x86_64-linux-gnu;/lib64;/usr/lib;/usr/lib/llvm-10/lib;/lib]
  implicit fwks: []


Determining if the include file unistd.h exists passed with the following output:
Change Dir: /home/ubuntu/cache_schedule/leveldb/build/CMakeFiles/CMakeTmp

Run Build Command(s):/usr/bin/make cmTC_88ed4/fast && /usr/bin/make -f CMakeFiles/cmTC_88ed4.dir/build.make CMakeFiles/cmTC_88ed4.dir/build
make[1]: Entering directory '/home/ubuntu/cache_schedule/leveldb/build/CMakeFiles/CMakeTmp'
Building C object CMakeFiles/cmTC_88ed4.dir/CheckIncludeFile.c.o
/usr/bin/clang   -std=c11 -o CMakeFiles/cmTC_88ed4.dir/CheckIncludeFile.c.o   -c /home/ubuntu/cache_schedule/leveldb/build/CMakeFiles/CMakeTmp/CheckIncludeFile.c
Linking C executable cmTC_88ed4
/usr/bin/cmake -E cmake_link_script CMakeFiles/cmTC_88ed4.dir/link.txt --verbose=1
/usr/bin/clang      CMakeFiles/cmTC_88ed4.dir/CheckIncludeFile.c.o  -o cmTC_88ed4 
make[1]: Leaving directory '/home/ubuntu/cache_schedule/leveldb/build/CMakeFiles/CMakeTmp'



Determining if the function snappy_compress exists in the snappy passed with the following output:
Change Dir: /home/ubuntu/cache_schedule/leveldb/build/CMakeFiles/CMakeTmp

Run Build Command(s):/usr/bin/make cmTC_012c4/fast && /usr/bin/make -f CMakeFiles/cmTC_012c4.dir/build.make CMakeFiles/cmTC_012c4.dir/build
make[1]: Entering directory '/home/ubuntu/cache_schedule/leveldb/build/CMakeFiles/CMakeTmp'
Building C object CMakeFiles/cmTC_012c4.dir/CheckFunctionExists.c.o
/usr/bin/clang   -DCHECK_FUNCTION_EXISTS=snappy_compress   -std=c11 -o CMakeFiles/cmTC_012c4.dir/CheckFunctionExists.c.o   -c /usr/share/cmake-3.16/Modules/CheckFunctionExists.c
Linking C executable cmTC_012c4
/usr/bin/cmake -E cmake_link_script CMakeFiles/cmTC_012c4.dir/link.txt --verbose=1
/usr/bin/clang  -DCHECK_FUNCTION_EXISTS=snappy_compress    CMakeFiles/cmTC_012c4.dir/CheckFunctionExists.c.o  -o cmTC_012c4  -lsnappy 
make[1]: Leaving directory '/home/ubuntu/cache_schedule/leveldb/build/CMakeFiles/CMakeTmp'



Determining if the fdatasync exist passed with the following output:
Change Dir: /home/ubuntu/cache_schedule/leveldb/build/CMakeFiles/CMakeTmp

Run Build Command(s):/usr/bin/make cmTC_f32e4/fast && /usr/bin/make -f CMakeFiles/cmTC_f32e4.dir/build.make CMakeFiles/cmTC_f32e4.dir/build
make[1]: Entering directory '/home/ubuntu/cache_schedule/leveldb/build/CMakeFiles/CMakeTmp'
Building CXX object CMakeFiles/cmTC_f32e4.dir/CheckSymbolExists.cxx.o
/usr/bin/clang++    -std=c++11 -o CMakeFiles/cmTC_f32e4.dir/CheckSymbolExists.cxx.o -c /home/ubuntu/cache_schedule/leveldb/build/CMakeFiles/CMakeTmp/CheckSymbolExists.cxx
Linking CXX executable cmTC_f32e4
/usr/bin/cmake -E cmake_link_script CMakeFiles/cmTC_f32e4.dir/link.txt --verbose=1
/usr/bin/clang++       CMakeFiles/cmTC_f32e4.dir/CheckSymbolExists.cxx.o  -o cmTC_f32e4 
make[1]: Leaving directory '/home/ubuntu/cache_schedule/leveldb/build/CMakeFiles/CMakeTmp'


File /home/ubuntu/cache_schedule/leveldb/build/CMakeFiles/CMakeTmp/CheckSymbolExists.cxx:
/* */
#include <unistd.h>

int main(int argc, char** argv)
{
  (void)argv;
#ifndef fdatasync
  return ((int*)(&fdatasync))[argc];
#else
  (void)argc;
  return 0;
#endif
}
Determining if the O_CLOEXEC exist passed with the following output:
Change Dir: /home/ubuntu/cache_schedule/leveldb/build/CMakeFiles/CMakeTmp

Run Build Command(s):/usr/bin/make cmTC_e0b45/fast && /usr/bin/make -f CMakeFiles/cmTC_e0b45.dir/build.make CMakeFiles/cmTC_e0b45.dir/build
make[1]: Entering directory '/home/ubuntu/cache_schedule/leveldb/build/CMakeFiles/CMakeTmp'
Building CXX object CMakeFiles/cmTC_e0b45.dir/CheckSymbolExists.cxx.o
/usr/bin/clang++    -std=c++11 -o CMakeFiles/cmTC_e0b45.dir/CheckSymbolExists.cxx.o -c /home/ubuntu/cache_schedule/leveldb/build/CMakeFiles/CMakeTmp/CheckSymbolExists.cxx
Linking CXX executable cmTC_e0b45
/usr/bin/cmake -E cmake_link_script CMakeFiles/cmTC_e0b45.dir/link.txt --verbose=1
/usr/bin/clang++       CMakeFiles/cmTC_e0b45.dir/CheckSymbolExists.cxx.o  -o cmTC_e0b45 
make[1]: Leaving directory '/home/ubuntu/cache_schedule/leveldb/build/CMakeFiles/CMakeTmp'


File /home/ubuntu/cache_schedule/leveldb/build/CMakeFiles/CMakeTmp/CheckSymbolExists.cxx:
/* */
#include <fcntl.h>

int main(int argc, char** argv)
{
  (void)argv;
#ifndef O_CLOEXEC
  return ((int*)(&O_CLOEXEC))[argc];
#else
  (void)argc;
  return 0;
#endif
}
Performing C++ SOURCE FILE Test HAVE_CLANG_THREAD_SAFETY succeeded with the following output:
Change Dir: /home/ubuntu/cache_schedule/leveldb/build/CMakeFiles/CMakeTmp

Run Build Command(s):/usr/bin/make cmTC_1d437/fast && /usr/bin/make -f CMakeFiles/cmTC_1d437.dir/build.make CMakeFiles/cmTC_1d437.dir/build
make[1]: Entering directory '/home/ubuntu/cache_schedule/leveldb/build/CMakeFiles/CMakeTmp'
Building CXX object CMakeFiles/cmTC_1d437.dir/src.cxx.o
/usr/bin/clang++    -fno-exceptions -fno-rtti -DHAVE_CLANG_THREAD_SAFETY   -Wthread-safety -std=c++11 -o CMakeFiles/cmTC_1d437.dir/src.cxx.o -c /home/ubuntu/cache_schedule/leveldb/build/CMakeFiles/CMakeTmp/src.cxx
Linking CXX executable cmTC_1d437
/usr/bin/cmake -E cmake_link_script CMakeFiles/cmTC_1d437.dir/link.txt --verbose=1
/usr/bin/clang++   -fno-exceptions -fno-rtti -DHAVE_CLANG_THREAD_SAFETY    CMakeFiles/cmTC_1d437.dir/src.cxx.o  -o cmTC_1d437 
make[1]: Leaving directory '/home/ubuntu/cache_schedule/leveldb/build/CMakeFiles/CMakeTmp'


Source file was:
int main() { return 0; }
Performing C++ SOURCE FILE Test LEVELDB_HAVE_NO_MISSING_FIELD_INITIALIZERS succeeded with the following output:
Change Dir: /home/ubuntu/cache_schedule/leveldb/build/CMakeFiles/CMakeTmp

Run Build Command(s):/usr/bin/make cmTC_a06fa/fast && /usr/bin/make -f CMakeFiles/cmTC_a06fa.dir/build.make CMakeFiles/cmTC_a06fa.dir/build
make[1]: Entering directory '/home/ubuntu/cache_schedule/leveldb/build/CMakeFiles/CMakeTmp'
Building CXX object CMakeFiles/cmTC_a06fa.dir/src.cxx.o
/usr/bin/clang++    -fno-exceptions -fno-rtti -DLEVELDB_HAVE_NO_MISSING_FIELD_INITIALIZERS   -Wno-missing-field-initializers -std=c++11 -o CMakeFiles/cmTC_a06fa.dir/src.cxx.o -c /home/ubuntu/cache_schedule/leveldb/build/CMakeFiles/CMakeTmp/src.cxx
Linking CXX executable cmTC_a06fa
/usr/bin/cmake -E cmake_link_script CMakeFiles/cmTC_a06fa.dir/link.txt --verbose=1
/usr/bin/clang++   -fno-exceptions -fno-rtti -DLEVELDB_HAVE_NO_MISSING_FIELD_INITIALIZERS    CMakeFiles/cmTC_a06fa.dir/src.cxx.o  -o cmTC_a06fa 
make[1]: Leaving directory '/home/ubuntu/cache_schedule/leveldb/build/CMakeFiles/CMakeTmp'


Source file was:
int main() { return 0; }
Performing C++ SOURCE FILE Test HAVE_CXX17_HAS_INCLUDE succeeded with the following output:
Change Dir: /home/ubuntu/cache_schedule/leveldb/build/CMakeFiles/CMakeTmp

Run Build Command(s):/usr/bin/make cmTC_49e64/fast && /usr/bin/make -f CMakeFiles/cmTC_49e64.dir/build.make CMakeFiles/cmTC_49e64.dir/build
make[1]: Entering directory '/home/ubuntu/cache_schedule/leveldb/build/CMakeFiles/CMakeTmp'
Building CXX object CMakeFiles/cmTC_49e64.dir/src.cxx.o
/usr/bin/clang++    -fno-exceptions -fno-rtti -DHAVE_CXX17_HAS_INCLUDE   -std=c++11 -o CMakeFiles/cmTC_49e64.dir/src.cxx.o -c /home/ubuntu/cache_schedule/leveldb/build/CMakeFiles/CMakeTmp/src.cxx
Linking CXX executable cmTC_49e64
/usr/bin/cmake -E cmake_link_script CMakeFiles/cmTC_49e64.dir/link.txt --verbose=1
/usr/bin/clang++   -fno-exceptions -fno-rtti -DHAVE_CXX17_HAS_INCLUDE    CMakeFiles/cmTC_49e64.dir/src.cxx.o  -o cmTC_49e64 
make[1]: Leaving directory '/home/ubuntu/cache_schedule/leveldb/build/CMakeFiles/CMakeTmp'


Source file was:

#if defined(__has_include) &&  __has_include(<string>)
#include <string>
#endif
int main() { std::string str; return 0; }

Determining if the include file pthread.h exists passed with the following output:
Change Dir: /home/ubuntu/cache_schedule/leveldb/build/CMakeFiles/CMakeTmp

Run Build Command(s):/usr/bin/make cmTC_fb2b1/fast && /usr/bin/make -f CMakeFiles/cmTC_fb2b1.dir/build.make CMakeFiles/cmTC_fb2b1.dir/build
make[1]: Entering directory '/home/ubuntu/cache_schedule/leveldb/build/CMakeFiles/CMakeTmp'
Building C object CMakeFiles/cmTC_fb2b1.dir/CheckIncludeFile.c.o
/usr/bin/clang   -Wstrict-prototypes    -std=c11 -o CMakeFiles/cmTC_fb2b1.dir/CheckIncludeFile.c.o   -c /home/ubuntu/cache_schedule/leveldb/build/CMakeFiles/CMakeTmp/CheckIncludeFile.c
Linking C executable cmTC_fb2b1
/usr/bin/cmake -E cmake_link_script CMakeFiles/cmTC_fb2b1.dir/link.txt --verbose=1
/usr/bin/clang  -Wstrict-prototypes     CMakeFiles/cmTC_fb2b1.dir/CheckIncludeFile.c.o  -o cmTC_fb2b1 
make[1]: Leaving directory '/home/ubuntu/cache_schedule/leveldb/build/CMakeFiles/CMakeTmp'



Determining if the function pthread_create exists in the pthread passed with the following output:
Change Dir: /home/ubuntu/cache_schedule/leveldb/build/CMakeFiles/CMakeTmp

Run Build Command(s):/usr/bin/make cmTC_fe3a0/fast && /usr/bin/make -f CMakeFiles/cmTC_fe3a0.dir/build.make CMakeFiles/cmTC_fe3a0.dir/build
make[1]: Entering directory '/home/ubuntu/cache_schedule/leveldb/build/CMakeFiles/CMakeTmp'
Building C object CMakeFiles/cmTC_fe3a0.dir/CheckFunctionExists.c.o
/usr/bin/clang   -Wstrict-prototypes -DCHECK_FUNCTION_EXISTS=pthread_create   -std=c11 -o CMakeFiles/cmTC_fe3a0.dir/CheckFunctionExists.c.o   -c /usr/share/cmake-3.16/Modules/CheckFunctionExists.c
Linking C executable cmTC_fe3a0
/usr/bin/cmake -E cmake_link_script CMakeFiles/cmTC_fe3a0.dir/link.txt --verbose=1
/usr/bin/clang  -Wstrict-prototypes -DCHECK_FUNCTION_EXISTS=pthread_create    CMakeFiles/cmTC_fe3a0.dir/CheckFunctionExists.c.o  -o cmTC_fe3a0  -lpthread 
make[1]: Leaving directory '/home/ubuntu/cache_schedule/leveldb/build/CMakeFiles/CMakeTmp'



Performing C++ SOURCE FILE Test HAVE_CXX_FLAG_STD_CXX11 succeeded with the following output:
Change Dir: /home/ubuntu/cache_schedule/leveldb/build/CMakeFiles/CMakeTmp

Run Build Command(s):/usr/bin/make cmTC_eb6fc/fast && /usr/bin/make -f CMakeFiles/cmTC_eb6fc.dir/build.make CMakeFiles/cmTC_eb6fc.dir/build
make[1]: Entering directory '/home/ubuntu/cache_schedule/leveldb/build/CMakeFiles/CMakeTmp'
Building CXX object CMakeFiles/cmTC_eb6fc.dir/src.cxx.o
/usr/bin/clang++    -fno-exceptions -fno-rtti -DHAVE_CXX_FLAG_STD_CXX11  -std=c++11   -std=c++11 -std=c++11 -o CMakeFiles/cmTC_eb6fc.dir/src.cxx.o -c /home/ubuntu/cache_schedule/leveldb/build/CMakeFiles/CMakeTmp/src.cxx
Linking CXX executable cmTC_eb6fc
/usr/bin/cmake -E cmake_link_script CMakeFiles/cmTC_eb6fc.dir/link.txt --verbose=1
/usr/bin/clang++   -fno-exceptions -fno-rtti -DHAVE_CXX_FLAG_STD_CXX11  -std=c++11    CMakeFiles/cmTC_eb6fc.dir/src.cxx.o  -o cmTC_eb6fc 
make[1]: Leaving directory '/home/ubuntu/cache_schedule/leveldb/build/CMakeFiles/CMakeTmp'


Source file was:
int main() { return 0; }
Performing C++ SOURCE FILE Test HAVE_CXX_FLAG_WALL succeeded with the following output:
Change Dir: /home/ubuntu/cache_schedule/leveldb/build/CMakeFiles/CMakeTmp

Run Build Command(s):/usr/bin/make cmTC_4e8cd/fast && /usr/bin/make -f CMakeFiles/cmTC_4e8cd.dir/build.make CMakeFiles/cmTC_4e8cd.dir/build
make[1]: Entering directory '/home/ubuntu/cache_schedule/leveldb/build/CMakeFiles/CMakeTmp'
Building CXX object CMakeFiles/cmTC_4e8cd.dir/src.cxx.o
/usr/bin/clang++    -fno-exceptions -fno-rtti  -std=c++11 -DHAVE_CXX_FLAG_WALL  -Wall   -Wall -std=c++11 -o CMakeFiles/cmTC_4e8cd.dir/src.cxx.o -c /home/ubuntu/cache_schedule/leveldb/build/CMakeFiles/CMakeTmp/src.cxx
Linking CXX executable cmTC_4e8cd
/usr/bin/cmake -E cmake_link_script CMakeFiles/cmTC_4e8cd.dir/link.txt --verbose=1
/usr/bin/clang++   -fno-exceptions -fno-rtti  -std=c++11 -DHAVE_CXX_FLAG_WALL  -Wall    CMakeFiles/cmTC_4e8cd.dir/src.cxx.o  -o cmTC_4e8cd 
make[1]: Leaving directory '/home/ubuntu/cache_schedule/leveldb/build/CMakeFiles/CMakeTmp'


Source file was:
int main() { return 0; }
Performing C++ SOURCE FILE Test HAVE_CXX_FLAG_WEXTRA succeeded with the following output:
Change Dir: /home/ubuntu/cache_schedule/leveldb/build/CMakeFiles/CMakeTmp

Run Build Command(s):/usr/bin/make cmTC_abf2b/fast && /usr/bin/make -f CMakeFiles/cmTC_abf2b.dir/build.make CMakeFiles/cmTC_abf2b.dir/build
make[1]: Entering directory '/home/ubuntu/cache_schedule/leveldb/build/CMakeFiles/CMakeTmp'
Building CXX object CMakeFiles/cmTC_abf2b.dir/src.cxx.o
/usr/bin/clang++    -fno-exceptions -fno-rtti  -std=c++11  -Wall -DHAVE_CXX_FLAG_WEXTRA  -Wextra   -Wextra -std=c++11 -o CMakeFiles/cmTC_abf2b.dir/src.cxx.o -c /home/ubuntu/cache_schedule/leveldb/build/CMakeFiles/CMakeTmp/src.cxx
Linking CXX executable cmTC_abf2b
/usr/bin/cmake -E cmake_link_script CMakeFiles/cmTC_abf2b.dir/link.txt --verbose=1
/usr/bin/clang++   -fno-exceptions -fno-rtti  -std=c++11  -Wall -DHAVE_CXX_FLAG_WEXTRA  -Wextra    CMakeFiles/cmTC_abf2b.dir/src.cxx.o  -o cmTC_abf2b 
make[1]: Leaving directory '/home/ubuntu/cache_schedule/leveldb/build/CMakeFiles/CMakeTmp'


Source file was:
int main() { return 0; }
Performing C++ SOURCE FILE Test HAVE_CXX_FLAG_WSHADOW succeeded with the following output:
Change Dir: /home/ubuntu/cache_schedule/leveldb/build/CMakeFiles/CMakeTmp

Run Build Command(s):/usr/bin/make cmTC_97130/fast && /usr/bin/make -f CMakeFiles/cmTC_97130.dir/build.make CMakeFiles/cmTC_97130.dir/build
make[1]: Entering directory '/home/ubuntu/cache_schedule/leveldb/build/CMakeFiles/CMakeTmp'
Building CXX object CMakeFiles/cmTC_97130.dir/src.cxx.o
/usr/bin/clang++    -fno-exceptions -fno-rtti  -std=c++11  -Wall  -Wextra -DHAVE_CXX_FLAG_WSHADOW  -Wshadow   -Wshadow -std=c++11 -o CMakeFiles/cmTC_97130.dir/src.cxx.o -c /home/ubuntu/cache_schedule/leveldb/build/CMakeFiles/CMakeTmp/src.cxx
Linking CXX executable cmTC_97130
/usr/bin/cmake -E cmake_link_script CMakeFiles/cmTC_97130.dir/link.txt --verbose=1
/usr/bin/clang++   -fno-exceptions -fno-rtti  -std=c++11  -Wall  -Wextra -DHAVE_CXX_FLAG_WSHADOW  -Wshadow    CMakeFiles/cmTC_97130.dir/src.cxx.o  -o cmTC_97130 
make[1]: Leaving directory '/home/ubuntu/cache_schedule/leveldb/build/CMakeFiles/CMakeTmp'


Source file was:
int main() { return 0; }
Performing C++ SOURCE FILE Test HAVE_CXX_FLAG_WERROR succeeded with the following output:
Change Dir: /home/ubuntu/cache_schedule/leveldb/build/CMakeFiles/CMakeTmp

Run Build Command(s):/usr/bin/make cmTC_72141/fast && /usr/bin/make -f CMakeFiles/cmTC_72141.dir/build.make CMakeFiles/cmTC_72141.dir/build
make[1]: Entering directory '/home/ubuntu/cache_schedule/leveldb/build/CMakeFiles/CMakeTmp'
Building CXX object CMakeFiles/cmTC_72141.dir/src.cxx.o
/usr/bin/clang++    -fno-exceptions -fno-rtti  -std=c++11  -Wall  -Wextra  -Wshadow -DHAVE_CXX_FLAG_WERROR  -Werror   -Werror -std=c++11 -o CMakeFiles/cmTC_72141.dir/src.cxx.o -c /home/ubuntu/cache_schedule/leveldb/build/CMakeFiles/CMakeTmp/src.cxx
Linking CXX executable cmTC_72141
/usr/bin/cmake -E cmake_link_script CMakeFiles/cmTC_72141.dir/link.txt --verbose=1
/usr/bin/clang++   -fno-exceptions -fno-rtti  -std=c++11  -Wall  -Wextra  -Wshadow -DHAVE_CXX_FLAG_WERROR  -Werror    CMakeFiles/cmTC_72141.dir/src.cxx.o  -o cmTC_72141 
make[1]: Leaving directory '/home/ubuntu/cache_schedule/leveldb/build/CMakeFiles/CMakeTmp'


Source file was:
int main() { return 0; }
Performing C++ SOURCE FILE Test HAVE_CXX_FLAG_WSHORTEN_64_TO_32 succeeded with the following output:
Change Dir: /home/ubuntu/cache_schedule/leveldb/build/CMakeFiles/CMakeTmp

Run Build Command(s):/usr/bin/make cmTC_70d53/fast && /usr/bin/make -f CMakeFiles/cmTC_70d53.dir/build.make CMakeFiles/cmTC_70d53.dir/build
make[1]: Entering directory '/home/ubuntu/cache_schedule/leveldb/build/CMakeFiles/CMakeTmp'
Building CXX object CMakeFiles/cmTC_70d53.dir/src.cxx.o
/usr/bin/clang++    -fno-exceptions -fno-rtti  -std=c++11  -Wall  -Wextra  -Wshadow -DHAVE_CXX_FLAG_WSHORTEN_64_TO_32  -Wshorten-64-to-32   -Wshorten-64-to-32 -std=c++11 -o CMakeFiles/cmTC_70d53.dir/src.cxx.o -c /home/ubuntu/cache_schedule/leveldb/build/CMakeFiles/CMakeTmp/src.cxx
Linking CXX executable cmTC_70d53
/usr/bin/cmake -E cmake_link_script CMakeFiles/cmTC_70d53.dir/link.txt --verbose=1
/usr/bin/clang++   -fno-exceptions -fno-rtti  -std=c++11  -Wall  -Wextra  -Wshadow -DHAVE_CXX_FLAG_WSHORTEN_64_TO_32  -Wshorten-64-to-32    CMakeFiles/cmTC_70d53.dir/src.cxx.o  -o cmTC_70d53 
make[1]: Leaving directory '/home/ubuntu/cache_schedule/leveldb/build/CMakeFiles/CMakeTmp'


Source file was:
int main() { return 0; }
Performing C++ SOURCE FILE Test HAVE_CXX_FLAG_FSTRICT_ALIASING succeeded with the following output:
Change Dir: /home/ubuntu/cache_schedule/leveldb/build/CMakeFiles/CMakeTmp

Run Build Command(s):/usr/bin/make cmTC_fe381/fast && /usr/bin/make -f CMakeFiles/cmTC_fe381.dir/build.make CMakeFiles/cmTC_fe381.dir/build
make[1]: Entering directory '/home/ubuntu/cache_schedule/leveldb/build/CMakeFiles/CMakeTmp'
Building CXX object CMakeFiles/cmTC_fe381.dir/src.cxx.o
/usr/bin/clang++    -fno-exceptions -fno-rtti  -std=c++11  -Wall  -Wextra  -Wshadow  -Wshorten-64-to-32 -DHAVE_CXX_FLAG_FSTRICT_ALIASING  -fstrict-aliasing   -fstrict-aliasing -std=c++11 -o CMakeFiles/cmTC_fe381.dir/src.cxx.o -c /home/ubuntu/cache_schedule/leveldb/build/CMakeFiles/CMakeTmp/src.cxx
Linking CXX executable cmTC_fe381
/usr/bin/cmake -E cmake_link_script CMakeFiles/cmTC_fe381.dir/link.txt --verbose=1
/usr/bin/clang++   -fno-exceptions -fno-rtti  -std=c++11  -Wall  -Wextra  -Wshadow  -Wshorten-64-to-32 -DHAVE_CXX_FLAG_FSTRICT_ALIASING  -fstrict-aliasing    CMakeFiles/cmTC_fe381.dir/src.cxx.o  -o cmTC_fe381 
make[1]: Leaving directory '/home/ubuntu/cache_schedule/leveldb/build/CMakeFiles/CMakeTmp'


Source file was:
int main() { return 0; }
Performing C++ SOURCE FILE Test HAVE_CXX_FLAG_WNO_DEPRECATED_DECLARATIONS succeeded with the following output:
Change Dir: /home/ubuntu/cache_schedule/leveldb/build/CMakeFiles/CMakeTmp

Run Build Command(s):/usr/bin/make cmTC_314c3/fast && /usr/bin/make -f CMakeFiles/cmTC_314c3.dir/build.make CMakeFiles/cmTC_314c3.dir/build
make[1]: Entering directory '/home/ubuntu/cache_schedule/leveldb/build/CMakeFiles/CMakeTmp'
Building CXX object CMakeFiles/cmTC_314c3.dir/src.cxx.o
/usr/bin/clang++    -fno-exceptions -fno-rtti  -std=c++11  -Wall  -Wextra  -Wshadow  -Wshorten-64-to-32  -fstrict-aliasing -DHAVE_CXX_FLAG_WNO_DEPRECATED_DECLARATIONS  -Wno-deprecated-declarations   -Wno-deprecated-declarations -std=c++11 -o CMakeFiles/cmTC_314c3.dir/src.cxx.o -c /home/ubuntu/cache_schedule/leveldb/build/CMakeFiles/CMakeTmp/src.cxx
Linking CXX executable cmTC_314c3
/usr/bin/cmake -E cmake_link_script CMakeFiles/cmTC_314c3.dir/link.txt --verbose=1
/usr/bin/clang++   -fno-exceptions -fno-rtti  -std=c++11  -Wall  -Wextra  -Wshadow  -Wshorten-64-to-32  -fstrict-aliasing -DHAVE_CXX_FLAG_WNO_DEPRECATED_DECLARATIONS  -Wno-deprecated-declarations    CMakeFiles/cmTC_314c3.dir/src.cxx.o  -o cmTC_314c3 
make[1]: Leaving directory '/home/ubuntu/cache_schedule/leveldb/build/CMakeFiles/CMakeTmp'


Source file was:
int main() { return 0; }
Performing C++ SOURCE FILE Test HAVE_CXX_FLAG_WNO_DEPRECATED succeeded with the following output:
Change Dir: /home/ubuntu/cache_schedule/leveldb/build/CMakeFiles/CMakeTmp

Run Build Command(s):/usr/bin/make cmTC_396fd/fast && /usr/bin/make -f CMakeFiles/cmTC_396fd.dir/build.make CMakeFiles/cmTC_396fd.dir/build
make[1]: Entering directory '/home/ubuntu/cache_schedule/leveldb/build/CMakeFiles/CMakeTmp'
Building CXX object CMakeFiles/cmTC_396fd.dir/src.cxx.o
/usr/bin/clang++    -fno-exceptions -fno-rtti  -std=c++11  -Wall  -Wextra  -Wshadow  -Wshorten-64-to-32  -fstrict-aliasing  -Wno-deprecated-declarations -DHAVE_CXX_FLAG_WNO_DEPRECATED  -Wno-deprecated   -Wno-deprecated -std=c++11 -o CMakeFiles/cmTC_396fd.dir/src.cxx.o -c /home/ubuntu/cache_schedule/leveldb/build/CMakeFiles/CMakeTmp/src.cxx
Linking CXX executable cmTC_396fd
/usr/bin/cmake -E cmake_link_script CMakeFiles/cmTC_396fd.dir/link.txt --verbose=1
/usr/bin/clang++   -fno-exceptions -fno-rtti  -std=c++11  -Wall  -Wextra  -Wshadow  -Wshorten-64-to-32  -fstrict-aliasing  -Wno-deprecated-declarations -DHAVE_CXX_FLAG_WNO_DEPRECATED  -Wno-deprecated    CMakeFiles/cmTC_396fd.dir/src.cxx.o  -o cmTC_396fd 
make[1]: Leaving directory '/home/ubuntu/cache_schedule/leveldb/build/CMakeFiles/CMakeTmp'


Source file was:
int main() { return 0; }
Performing C++ SOURCE FILE Test HAVE_CXX_FLAG_FNO_EXCEPTIONS succeeded with the following output:
Change Dir: /home/ubuntu/cache_schedule/leveldb/build/CMakeFiles/CMakeTmp

Run Build Command(s):/usr/bin/make cmTC_1d850/fast && /usr/bin/make -f CMakeFiles/cmTC_1d850.dir/build.make CMakeFiles/cmTC_1d850.dir/build
make[1]: Entering directory '/home/ubuntu/cache_schedule/leveldb/build/CMakeFiles/CMakeTmp'
Building CXX object CMakeFiles/cmTC_1d850.dir/src.cxx.o
/usr/bin/clang++    -fno-exceptions -fno-rtti  -std=c++11  -Wall  -Wextra  -Wshadow  -Wshorten-64-to-32  -fstrict-aliasing  -Wno-deprecated-declarations -DHAVE_CXX_FLAG_FNO_EXCEPTIONS  -fno-exceptions   -fno-exceptions -std=c++11 -o CMakeFiles/cmTC_1d850.dir/src.cxx.o -c /home/ubuntu/cache_schedule/leveldb/build/CMakeFiles/CMakeTmp/src.cxx
Linking CXX executable cmTC_1d850
/usr/bin/cmake -E cmake_link_script CMakeFiles/cmTC_1d850.dir/link.txt --verbose=1
/usr/bin/clang++   -fno-exceptions -fno-rtti  -std=c++11  -Wall  -Wextra  -Wshadow  -Wshorten-64-to-32  -fstrict-aliasing  -Wno-deprecated-declarations -DHAVE_CXX_FLAG_FNO_EXCEPTIONS  -fno-exceptions    CMakeFiles/cmTC_1d850.dir/src.cxx.o  -o cmTC_1d850 
make[1]: Leaving directory '/home/ubuntu/cache_schedule/leveldb/build/CMakeFiles/CMakeTmp'


Source file was:
int main() { return 0; }
Performing C++ SOURCE FILE Test HAVE_CXX_FLAG_WSTRICT_ALIASING succeeded with the following output:
Change Dir: /home/ubuntu/cache_schedule/leveldb/build/CMakeFiles/CMakeTmp

Run Build Command(s):/usr/bin/make cmTC_135c4/fast && /usr/bin/make -f CMakeFiles/cmTC_135c4.dir/build.make CMakeFiles/cmTC_135c4.dir/build
make[1]: Entering directory '/home/ubuntu/cache_schedule/leveldb/build/CMakeFiles/CMakeTmp'
Building CXX object CMakeFiles/cmTC_135c4.dir/src.cxx.o
/usr/bin/clang++    -fno-exceptions -fno-rtti  -std=c++11  -Wall  -Wextra  -Wshadow  -Wshorten-64-to-32  -fstrict-aliasing  -Wno-deprecated-declarations  -fno-exceptions -DHAVE_CXX_FLAG_WSTRICT_ALIASING  -Wstrict-aliasing   -Wstrict-aliasing -std=c++11 -o CMakeFiles/cmTC_135c4.dir/src.cxx.o -c /home/ubuntu/cache_schedule/leveldb/build/CMakeFiles/CMakeTmp/src.cxx
Linking CXX executable cmTC_135c4
/usr/bin/cmake -E cmake_link_script CMakeFiles/cmTC_135c4.dir/link.txt --verbose=1
/usr/bin/clang++   -fno-exceptions -fno-rtti  -std=c++11  -Wall  -Wextra  -Wshadow  -Wshorten-64-to-32  -fstrict-aliasing  -Wno-deprecated-declarations  -fno-exceptions -DHAVE_CXX_FLAG_WSTRICT_ALIASING  -Wstrict-aliasing    CMakeFiles/cmTC_135c4.dir/src.cxx.o  -o cmTC_135c4 
make[1]: Leaving directory '/home/ubuntu/cache_schedule/leveldb/build/CMakeFiles/CMakeTmp'


Source file was:
int main() { return 0; }
Performing C++ SOURCE FILE Test HAVE_CXX_FLAG_WTHREAD_SAFETY succeeded with the following output:
Change Dir: /home/ubuntu/cache_schedule/leveldb/build/CMakeFiles/CMakeTmp

Run Build Command(s):/usr/bin/make cmTC_83bb3/fast && /usr/bin/make -f CMakeFiles/cmTC_83bb3.dir/build.make CMakeFiles/cmTC_83bb3.dir/build
make[1]: Entering directory '/home/ubuntu/cache_schedule/leveldb/build/CMakeFiles/CMakeTmp'
Building CXX object CMakeFiles/cmTC_83bb3.dir/src.cxx.o
/usr/bin/clang++    -fno-exceptions -fno-rtti  -std=c++11  -Wall  -Wextra  -Wshadow  -Wshorten-64-to-32  -fstrict-aliasing  -Wno-deprecated-declarations  -fno-exceptions  -Wstrict-aliasing -DHAVE_CXX_FLAG_WTHREAD_SAFETY  -Wthread-safety   -Wthread-safety -std=c++11 -o CMakeFiles/cmTC_83bb3.dir/src.cxx.o -c /home/ubuntu/cache_schedule/leveldb/build/CMakeFiles/CMakeTmp/src.cxx
Linking CXX executable cmTC_83bb3
/usr/bin/cmake -E cmake_link_script CMakeFiles/cmTC_83bb3.dir/link.txt --verbose=1
/usr/bin/clang++   -fno-exceptions -fno-rtti  -std=c++11  -Wall  -Wextra  -Wshadow  -Wshorten-64-to-32  -fstrict-aliasing  -Wno-deprecated-declarations  -fno-exceptions  -Wstrict-aliasing -DHAVE_CXX_FLAG_WTHREAD_SAFETY  -Wthread-safety    CMakeFiles/cmTC_83bb3.dir/src.cxx.o  -o cmTC_83bb3 
make[1]: Leaving directory '/home/ubuntu/cache_schedule/leveldb/build/CMakeFiles/CMakeTmp'


Source file was:
int main() { return 0; }
Performing C++ SOURCE FILE Test HAVE_CXX_FLAG_COVERAGE succeeded with the following output:
Change Dir: /home/ubuntu/cache_schedule/leveldb/build/CMakeFiles/CMakeTmp

Run Build Command(s):/usr/bin/make cmTC_99023/fast && /usr/bin/make -f CMakeFiles/cmTC_99023.dir/build.make CMakeFiles/cmTC_99023.dir/build
make[1]: Entering directory '/home/ubuntu/cache_schedule/leveldb/build/CMakeFiles/CMakeTmp'
Building CXX object CMakeFiles/cmTC_99023.dir/src.cxx.o
/usr/bin/clang++    -fno-exceptions -fno-rtti  -std=c++11  -Wall  -Wextra  -Wshadow  -Wshorten-64-to-32  -fstrict-aliasing  -Wno-deprecated-declarations  -fno-exceptions  -Wstrict-aliasing  -Wthread-safety -DHAVE_CXX_FLAG_COVERAGE  --coverage   --coverage -std=c++11 -o CMakeFiles/cmTC_99023.dir/src.cxx.o -c /home/ubuntu/cache_schedule/leveldb/build/CMakeFiles/CMakeTmp/src.cxx
Linking CXX executable cmTC_99023
/usr/bin/cmake -E cmake_link_script CMakeFiles/cmTC_99023.dir/link.txt --verbose=1
/usr/bin/clang++   -fno-exceptions -fno-rtti  -std=c++11  -Wall  -Wextra  -Wshadow  -Wshorten-64-to-32  -fstrict-aliasing  -Wno-deprecated-declarations  -fno-exceptions  -Wstrict-aliasing  -Wthread-safety -DHAVE_CXX_FLAG_COVERAGE  --coverage    CMakeFiles/cmTC_99023.dir/src.cxx.o  -o cmTC_99023 
make[1]: Leaving directory '/home/ubuntu/cache_schedule/leveldb/build/CMakeFiles/CMakeTmp'


Source file was:
int main() { return 0; }
