Determining if the function crc32c_value exists in the crc32c failed with the following output:
Change Dir: /home/ubuntu/cache_schedule/leveldb/build/CMakeFiles/CMakeTmp

Run Build Command(s):/usr/bin/make cmTC_1df12/fast && /usr/bin/make -f CMakeFiles/cmTC_1df12.dir/build.make CMakeFiles/cmTC_1df12.dir/build
make[1]: Entering directory '/home/ubuntu/cache_schedule/leveldb/build/CMakeFiles/CMakeTmp'
Building C object CMakeFiles/cmTC_1df12.dir/CheckFunctionExists.c.o
/usr/bin/clang   -DCHECK_FUNCTION_EXISTS=crc32c_value   -std=c11 -o CMakeFiles/cmTC_1df12.dir/CheckFunctionExists.c.o   -c /usr/share/cmake-3.16/Modules/CheckFunctionExists.c
Linking C executable cmTC_1df12
/usr/bin/cmake -E cmake_link_script CMakeFiles/cmTC_1df12.dir/link.txt --verbose=1
/usr/bin/clang  -DCHECK_FUNCTION_EXISTS=crc32c_value    CMakeFiles/cmTC_1df12.dir/CheckFunctionExists.c.o  -o cmTC_1df12  -lcrc32c 
/usr/bin/ld: cannot find -lcrc32c
clang: error: linker command failed with exit code 1 (use -v to see invocation)
make[1]: *** [CMakeFiles/cmTC_1df12.dir/build.make:87: cmTC_1df12] Error 1
make[1]: Leaving directory '/home/ubuntu/cache_schedule/leveldb/build/CMakeFiles/CMakeTmp'
make: *** [Makefile:121: cmTC_1df12/fast] Error 2



Determining if the function malloc exists in the tcmalloc failed with the following output:
Change Dir: /home/ubuntu/cache_schedule/leveldb/build/CMakeFiles/CMakeTmp

Run Build Command(s):/usr/bin/make cmTC_060fb/fast && /usr/bin/make -f CMakeFiles/cmTC_060fb.dir/build.make CMakeFiles/cmTC_060fb.dir/build
make[1]: Entering directory '/home/ubuntu/cache_schedule/leveldb/build/CMakeFiles/CMakeTmp'
Building C object CMakeFiles/cmTC_060fb.dir/CheckFunctionExists.c.o
/usr/bin/clang   -DCHECK_FUNCTION_EXISTS=malloc   -std=c11 -o CMakeFiles/cmTC_060fb.dir/CheckFunctionExists.c.o   -c /usr/share/cmake-3.16/Modules/CheckFunctionExists.c
/usr/share/cmake-3.16/Modules/CheckFunctionExists.c:7:3: warning: incompatible redeclaration of library function 'malloc' [-Wincompatible-library-redeclaration]
  CHECK_FUNCTION_EXISTS(void);
  ^
<command line>:1:31: note: expanded from here
#define CHECK_FUNCTION_EXISTS malloc
                              ^
/usr/share/cmake-3.16/Modules/CheckFunctionExists.c:7:3: note: 'malloc' is a builtin with type 'void *(unsigned long)'
<command line>:1:31: note: expanded from here
#define CHECK_FUNCTION_EXISTS malloc
                              ^
1 warning generated.
Linking C executable cmTC_060fb
/usr/bin/cmake -E cmake_link_script CMakeFiles/cmTC_060fb.dir/link.txt --verbose=1
/usr/bin/clang  -DCHECK_FUNCTION_EXISTS=malloc    CMakeFiles/cmTC_060fb.dir/CheckFunctionExists.c.o  -o cmTC_060fb  -ltcmalloc 
/usr/bin/ld: cannot find -ltcmalloc
clang: error: linker command failed with exit code 1 (use -v to see invocation)
make[1]: *** [CMakeFiles/cmTC_060fb.dir/build.make:87: cmTC_060fb] Error 1
make[1]: Leaving directory '/home/ubuntu/cache_schedule/leveldb/build/CMakeFiles/CMakeTmp'
make: *** [Makefile:121: cmTC_060fb/fast] Error 2



Determining if the F_FULLFSYNC exist failed with the following output:
Change Dir: /home/ubuntu/cache_schedule/leveldb/build/CMakeFiles/CMakeTmp

Run Build Command(s):/usr/bin/make cmTC_235e6/fast && /usr/bin/make -f CMakeFiles/cmTC_235e6.dir/build.make CMakeFiles/cmTC_235e6.dir/build
make[1]: Entering directory '/home/ubuntu/cache_schedule/leveldb/build/CMakeFiles/CMakeTmp'
Building CXX object CMakeFiles/cmTC_235e6.dir/CheckSymbolExists.cxx.o
/usr/bin/clang++    -std=c++11 -o CMakeFiles/cmTC_235e6.dir/CheckSymbolExists.cxx.o -c /home/ubuntu/cache_schedule/leveldb/build/CMakeFiles/CMakeTmp/CheckSymbolExists.cxx
/home/ubuntu/cache_schedule/leveldb/build/CMakeFiles/CMakeTmp/CheckSymbolExists.cxx:8:19: error: use of undeclared identifier 'F_FULLFSYNC'
  return ((int*)(&F_FULLFSYNC))[argc];
                  ^
1 error generated.
make[1]: *** [CMakeFiles/cmTC_235e6.dir/build.make:66: CMakeFiles/cmTC_235e6.dir/CheckSymbolExists.cxx.o] Error 1
make[1]: Leaving directory '/home/ubuntu/cache_schedule/leveldb/build/CMakeFiles/CMakeTmp'
make: *** [Makefile:121: cmTC_235e6/fast] Error 2


File /home/ubuntu/cache_schedule/leveldb/build/CMakeFiles/CMakeTmp/CheckSymbolExists.cxx:
/* */
#include <fcntl.h>

int main(int argc, char** argv)
{
  (void)argv;
#ifndef F_FULLFSYNC
  return ((int*)(&F_FULLFSYNC))[argc];
#else
  (void)argc;
  return 0;
#endif
}
Performing C SOURCE FILE Test CMAKE_HAVE_LIBC_PTHREAD failed with the following output:
Change Dir: /home/ubuntu/cache_schedule/leveldb/build/CMakeFiles/CMakeTmp

Run Build Command(s):/usr/bin/make cmTC_b893e/fast && /usr/bin/make -f CMakeFiles/cmTC_b893e.dir/build.make CMakeFiles/cmTC_b893e.dir/build
make[1]: Entering directory '/home/ubuntu/cache_schedule/leveldb/build/CMakeFiles/CMakeTmp'
Building C object CMakeFiles/cmTC_b893e.dir/src.c.o
/usr/bin/clang   -Wstrict-prototypes -DCMAKE_HAVE_LIBC_PTHREAD   -std=c11 -o CMakeFiles/cmTC_b893e.dir/src.c.o   -c /home/ubuntu/cache_schedule/leveldb/build/CMakeFiles/CMakeTmp/src.c
Linking C executable cmTC_b893e
/usr/bin/cmake -E cmake_link_script CMakeFiles/cmTC_b893e.dir/link.txt --verbose=1
/usr/bin/clang  -Wstrict-prototypes -DCMAKE_HAVE_LIBC_PTHREAD    CMakeFiles/cmTC_b893e.dir/src.c.o  -o cmTC_b893e 
/usr/bin/ld: CMakeFiles/cmTC_b893e.dir/src.c.o: in function `main':
src.c:(.text+0x35): undefined reference to `pthread_create'
/usr/bin/ld: src.c:(.text+0x41): undefined reference to `pthread_detach'
/usr/bin/ld: src.c:(.text+0x53): undefined reference to `pthread_join'
clang: error: linker command failed with exit code 1 (use -v to see invocation)
make[1]: *** [CMakeFiles/cmTC_b893e.dir/build.make:87: cmTC_b893e] Error 1
make[1]: Leaving directory '/home/ubuntu/cache_schedule/leveldb/build/CMakeFiles/CMakeTmp'
make: *** [Makefile:121: cmTC_b893e/fast] Error 2


Source file was:
#include <pthread.h>

void* test_func(void* data)
{
  return data;
}

int main(void)
{
  pthread_t thread;
  pthread_create(&thread, NULL, test_func, NULL);
  pthread_detach(thread);
  pthread_join(thread, NULL);
  pthread_atfork(NULL, NULL, NULL);
  pthread_exit(NULL);

  return 0;
}

Determining if the function pthread_create exists in the pthreads failed with the following output:
Change Dir: /home/ubuntu/cache_schedule/leveldb/build/CMakeFiles/CMakeTmp

Run Build Command(s):/usr/bin/make cmTC_2eae4/fast && /usr/bin/make -f CMakeFiles/cmTC_2eae4.dir/build.make CMakeFiles/cmTC_2eae4.dir/build
make[1]: Entering directory '/home/ubuntu/cache_schedule/leveldb/build/CMakeFiles/CMakeTmp'
Building C object CMakeFiles/cmTC_2eae4.dir/CheckFunctionExists.c.o
/usr/bin/clang   -Wstrict-prototypes -DCHECK_FUNCTION_EXISTS=pthread_create   -std=c11 -o CMakeFiles/cmTC_2eae4.dir/CheckFunctionExists.c.o   -c /usr/share/cmake-3.16/Modules/CheckFunctionExists.c
Linking C executable cmTC_2eae4
/usr/bin/cmake -E cmake_link_script CMakeFiles/cmTC_2eae4.dir/link.txt --verbose=1
/usr/bin/clang  -Wstrict-prototypes -DCHECK_FUNCTION_EXISTS=pthread_create    CMakeFiles/cmTC_2eae4.dir/CheckFunctionExists.c.o  -o cmTC_2eae4  -lpthreads 
/usr/bin/ld: cannot find -lpthreads
clang: error: linker command failed with exit code 1 (use -v to see invocation)
make[1]: *** [CMakeFiles/cmTC_2eae4.dir/build.make:87: cmTC_2eae4] Error 1
make[1]: Leaving directory '/home/ubuntu/cache_schedule/leveldb/build/CMakeFiles/CMakeTmp'
make: *** [Makefile:121: cmTC_2eae4/fast] Error 2



Performing C++ SOURCE FILE Test HAVE_CXX_FLAG_WSUGGEST_OVERRIDE failed with the following output:
Change Dir: /home/ubuntu/cache_schedule/leveldb/build/CMakeFiles/CMakeTmp

Run Build Command(s):/usr/bin/make cmTC_43a10/fast && /usr/bin/make -f CMakeFiles/cmTC_43a10.dir/build.make CMakeFiles/cmTC_43a10.dir/build
make[1]: Entering directory '/home/ubuntu/cache_schedule/leveldb/build/CMakeFiles/CMakeTmp'
Building CXX object CMakeFiles/cmTC_43a10.dir/src.cxx.o
/usr/bin/clang++    -fno-exceptions -fno-rtti  -std=c++11  -Wall  -Wextra  -Wshadow -DHAVE_CXX_FLAG_WSUGGEST_OVERRIDE  -Wsuggest-override   -Wsuggest-override -std=c++11 -o CMakeFiles/cmTC_43a10.dir/src.cxx.o -c /home/ubuntu/cache_schedule/leveldb/build/CMakeFiles/CMakeTmp/src.cxx
warning: unknown warning option '-Wsuggest-override'; did you mean '-Wshift-overflow'? [-Wunknown-warning-option]
warning: unknown warning option '-Wsuggest-override'; did you mean '-Wshift-overflow'? [-Wunknown-warning-option]
2 warnings generated.
Linking CXX executable cmTC_43a10
/usr/bin/cmake -E cmake_link_script CMakeFiles/cmTC_43a10.dir/link.txt --verbose=1
/usr/bin/clang++   -fno-exceptions -fno-rtti  -std=c++11  -Wall  -Wextra  -Wshadow -DHAVE_CXX_FLAG_WSUGGEST_OVERRIDE  -Wsuggest-override    CMakeFiles/cmTC_43a10.dir/src.cxx.o  -o cmTC_43a10 
make[1]: Leaving directory '/home/ubuntu/cache_schedule/leveldb/build/CMakeFiles/CMakeTmp'


Source file was:
int main() { return 0; }
Performing C++ SOURCE FILE Test HAVE_CXX_FLAG_WD654 failed with the following output:
Change Dir: /home/ubuntu/cache_schedule/leveldb/build/CMakeFiles/CMakeTmp

Run Build Command(s):/usr/bin/make cmTC_c0fa6/fast && /usr/bin/make -f CMakeFiles/cmTC_c0fa6.dir/build.make CMakeFiles/cmTC_c0fa6.dir/build
make[1]: Entering directory '/home/ubuntu/cache_schedule/leveldb/build/CMakeFiles/CMakeTmp'
Building CXX object CMakeFiles/cmTC_c0fa6.dir/src.cxx.o
/usr/bin/clang++    -fno-exceptions -fno-rtti  -std=c++11  -Wall  -Wextra  -Wshadow  -Wshorten-64-to-32  -fstrict-aliasing  -Wno-deprecated-declarations  -fno-exceptions  -Wstrict-aliasing -DHAVE_CXX_FLAG_WD654  -wd654   -wd654 -std=c++11 -o CMakeFiles/cmTC_c0fa6.dir/src.cxx.o -c /home/ubuntu/cache_schedule/leveldb/build/CMakeFiles/CMakeTmp/src.cxx
clang: error: unknown argument: '-wd654'
clang: error: unknown argument: '-wd654'
make[1]: *** [CMakeFiles/cmTC_c0fa6.dir/build.make:66: CMakeFiles/cmTC_c0fa6.dir/src.cxx.o] Error 1
make[1]: Leaving directory '/home/ubuntu/cache_schedule/leveldb/build/CMakeFiles/CMakeTmp'
make: *** [Makefile:121: cmTC_c0fa6/fast] Error 2


Source file was:
int main() { return 0; }
Determining if the function sqlite3_open exists in the sqlite3 failed with the following output:
Change Dir: /home/ubuntu/cache_schedule/leveldb/build/CMakeFiles/CMakeTmp

Run Build Command(s):/usr/bin/make cmTC_d4bc3/fast && /usr/bin/make -f CMakeFiles/cmTC_d4bc3.dir/build.make CMakeFiles/cmTC_d4bc3.dir/build
make[1]: Entering directory '/home/ubuntu/cache_schedule/leveldb/build/CMakeFiles/CMakeTmp'
Building C object CMakeFiles/cmTC_d4bc3.dir/CheckFunctionExists.c.o
/usr/bin/clang   -Wstrict-prototypes -DCHECK_FUNCTION_EXISTS=sqlite3_open   -std=c11 -o CMakeFiles/cmTC_d4bc3.dir/CheckFunctionExists.c.o   -c /usr/share/cmake-3.16/Modules/CheckFunctionExists.c
Linking C executable cmTC_d4bc3
/usr/bin/cmake -E cmake_link_script CMakeFiles/cmTC_d4bc3.dir/link.txt --verbose=1
/usr/bin/clang  -Wstrict-prototypes -DCHECK_FUNCTION_EXISTS=sqlite3_open    CMakeFiles/cmTC_d4bc3.dir/CheckFunctionExists.c.o  -o cmTC_d4bc3  -lsqlite3 
/usr/bin/ld: cannot find -lsqlite3
clang: error: linker command failed with exit code 1 (use -v to see invocation)
make[1]: *** [CMakeFiles/cmTC_d4bc3.dir/build.make:87: cmTC_d4bc3] Error 1
make[1]: Leaving directory '/home/ubuntu/cache_schedule/leveldb/build/CMakeFiles/CMakeTmp'
make: *** [Makefile:121: cmTC_d4bc3/fast] Error 2



Performing C++ SOURCE FILE Test HAVE_KYOTOCABINET failed with the following output:
Change Dir: /home/ubuntu/cache_schedule/leveldb/build/CMakeFiles/CMakeTmp

Run Build Command(s):/usr/bin/make cmTC_b028d/fast && /usr/bin/make -f CMakeFiles/cmTC_b028d.dir/build.make CMakeFiles/cmTC_b028d.dir/build
make[1]: Entering directory '/home/ubuntu/cache_schedule/leveldb/build/CMakeFiles/CMakeTmp'
Building CXX object CMakeFiles/cmTC_b028d.dir/src.cxx.o
/usr/bin/clang++    -fno-exceptions -fno-rtti -DHAVE_KYOTOCABINET   -std=c++11 -o CMakeFiles/cmTC_b028d.dir/src.cxx.o -c /home/ubuntu/cache_schedule/leveldb/build/CMakeFiles/CMakeTmp/src.cxx
/home/ubuntu/cache_schedule/leveldb/build/CMakeFiles/CMakeTmp/src.cxx:2:10: fatal error: 'kcpolydb.h' file not found
#include <kcpolydb.h>
         ^~~~~~~~~~~~
1 error generated.
make[1]: *** [CMakeFiles/cmTC_b028d.dir/build.make:66: CMakeFiles/cmTC_b028d.dir/src.cxx.o] Error 1
make[1]: Leaving directory '/home/ubuntu/cache_schedule/leveldb/build/CMakeFiles/CMakeTmp'
make: *** [Makefile:121: cmTC_b028d/fast] Error 2


Source file was:

#include <kcpolydb.h>

int main() {
  kyotocabinet::TreeDB* db = new kyotocabinet::TreeDB();
  delete db;
  return 0;
}
  
